23:28:49 INFO  : Registering command handlers for SDK TCF services
23:28:54 INFO  : Launching XSCT server: xsct.bat -interactive F:\digilent\WAFBP\Walking_assistant_for_blind_people_v1\WAFBP\WAFBP.sdk\temp_xsdb_launch_script.tcl
23:29:04 INFO  : XSCT server has started successfully.
23:29:04 INFO  : Successfully done setting XSCT server connection channel  
23:29:08 INFO  : Successfully done setting SDK workspace  
23:29:08 INFO  : Restoring global repository preferences: 
		 F:\digilent\blink
23:29:11 INFO  : Processing command line option -hwspec F:/digilent/WAFBP/Walking_assistant_for_blind_people_v1/WAFBP/WAFBP.sdk/design_1_wrapper.hdf.
23:37:03 INFO  : Connected to target on host '127.0.0.1' and port '3121'.
23:37:05 INFO  : 'targets -set -filter {jtag_cable_name =~ "Digilent Zybo Z7 210351A819F4A" && level==0} -index 1' command is executed.
23:37:06 INFO  : FPGA configured successfully with bitstream "F:/digilent/WAFBP/Walking_assistant_for_blind_people_v1/WAFBP/WAFBP.sdk/design_1_wrapper_hw_platform_0/design_1_wrapper.bit"
23:37:25 INFO  : 'targets -set -filter {jtag_cable_name =~ "Digilent Zybo Z7 210351A819F4A" && level==0} -index 1' command is executed.
23:37:25 INFO  : 'fpga -state' command is executed.
23:37:25 INFO  : Connected to target on host '127.0.0.1' and port '3121'.
23:37:27 INFO  : Jtag cable 'Digilent Zybo Z7 210351A819F4A' is selected.
23:37:27 INFO  : 'jtag frequency' command is executed.
23:37:27 INFO  : Sourcing of 'F:/digilent/WAFBP/Walking_assistant_for_blind_people_v1/WAFBP/WAFBP.sdk/design_1_wrapper_hw_platform_0/ps7_init.tcl' is done.
23:37:27 INFO  : Context for 'APU' is selected.
23:37:27 INFO  : Hardware design information is loaded from 'F:/digilent/WAFBP/Walking_assistant_for_blind_people_v1/WAFBP/WAFBP.sdk/design_1_wrapper_hw_platform_0/system.hdf'.
23:37:27 INFO  : 'configparams force-mem-access 1' command is executed.
23:37:27 INFO  : Context for 'APU' is selected.
23:37:28 INFO  : 'stop' command is executed.
23:37:28 INFO  : 'ps7_init' command is executed.
23:37:28 INFO  : 'ps7_post_config' command is executed.
23:37:28 INFO  : Context for processor 'ps7_cortexa9_0' is selected.
23:37:28 INFO  : Processor reset is completed for 'ps7_cortexa9_0'.
23:37:29 INFO  : Context for processor 'ps7_cortexa9_0' is selected.
23:37:29 INFO  : The application 'F:/digilent/WAFBP/Walking_assistant_for_blind_people_v1/WAFBP/WAFBP.sdk/WAFBP/Debug/WAFBP.elf' is downloaded to processor 'ps7_cortexa9_0'.
23:37:29 INFO  : 'configparams force-mem-access 0' command is executed.
23:37:29 INFO  : ----------------XSDB Script----------------
connect -url tcp:127.0.0.1:3121
source F:/digilent/WAFBP/Walking_assistant_for_blind_people_v1/WAFBP/WAFBP.sdk/design_1_wrapper_hw_platform_0/ps7_init.tcl
targets -set -nocase -filter {name =~"APU*" && jtag_cable_name =~ "Digilent Zybo Z7 210351A819F4A"} -index 0
loadhw -hw F:/digilent/WAFBP/Walking_assistant_for_blind_people_v1/WAFBP/WAFBP.sdk/design_1_wrapper_hw_platform_0/system.hdf -mem-ranges [list {0x40000000 0xbfffffff}]
configparams force-mem-access 1
targets -set -nocase -filter {name =~"APU*" && jtag_cable_name =~ "Digilent Zybo Z7 210351A819F4A"} -index 0
stop
ps7_init
ps7_post_config
targets -set -nocase -filter {name =~ "ARM*#0" && jtag_cable_name =~ "Digilent Zybo Z7 210351A819F4A"} -index 0
rst -processor
targets -set -nocase -filter {name =~ "ARM*#0" && jtag_cable_name =~ "Digilent Zybo Z7 210351A819F4A"} -index 0
dow F:/digilent/WAFBP/Walking_assistant_for_blind_people_v1/WAFBP/WAFBP.sdk/WAFBP/Debug/WAFBP.elf
configparams force-mem-access 0
----------------End of Script----------------

23:37:29 INFO  : Memory regions updated for context APU
23:37:29 INFO  : Context for processor 'ps7_cortexa9_0' is selected.
23:37:30 INFO  : 'con' command is executed.
23:37:30 INFO  : ----------------XSDB Script (After Launch)----------------
targets -set -nocase -filter {name =~ "ARM*#0" && jtag_cable_name =~ "Digilent Zybo Z7 210351A819F4A"} -index 0
con
----------------End of Script----------------

23:37:30 INFO  : Launch script is exported to file 'F:\digilent\WAFBP\Walking_assistant_for_blind_people_v1\WAFBP\WAFBP.sdk\.sdk\launch_scripts\xilinx_c-c++_application_(system_debugger)\system_debugger_using_debug_wafbp.elf_on_local.tcl'
23:54:59 INFO  : Disconnected from the channel tcfchan#1.
09:50:53 INFO  : Registering command handlers for SDK TCF services
09:50:59 INFO  : Launching XSCT server: xsct.bat -interactive F:\digilent\WAFBP\Walking_assistant_for_blind_people_v1\WAFBP\WAFBP.sdk\temp_xsdb_launch_script.tcl
09:51:07 INFO  : XSCT server has started successfully.
09:51:07 INFO  : Successfully done setting XSCT server connection channel  
09:51:12 INFO  : Successfully done setting SDK workspace  
09:51:12 INFO  : Restoring global repository preferences: 
		 F:\digilent\blink
09:51:16 INFO  : Processing command line option -hwspec F:/digilent/WAFBP/Walking_assistant_for_blind_people_v1/WAFBP/WAFBP.sdk/design_1_wrapper.hdf.
09:51:16 INFO  : Checking for hwspec changes in the project design_1_wrapper_hw_platform_0.
09:51:31 INFO  : SDK has detected change in the last modified timestamps for source hardware specification file Source:1554414971096,  Project:1554148849480
09:51:31 INFO  : The hardware specification for project 'design_1_wrapper_hw_platform_0' is different from F:/digilent/WAFBP/Walking_assistant_for_blind_people_v1/WAFBP/WAFBP.sdk/design_1_wrapper.hdf.
09:51:32 INFO  : Copied contents of F:/digilent/WAFBP/Walking_assistant_for_blind_people_v1/WAFBP/WAFBP.sdk/design_1_wrapper.hdf into \design_1_wrapper_hw_platform_0\system.hdf.
09:51:38 INFO  : Synchronizing projects in the workspace with the hardware platform specification changes.
09:51:58 INFO  : 
09:51:59 INFO  : Updating hardware inferred compiler options for WAFBP.
09:51:59 INFO  : Clearing existing target manager status.
12:09:31 INFO  : Registering command handlers for SDK TCF services
12:09:35 INFO  : Launching XSCT server: xsct.bat -interactive F:\digilent\WAFBP\Walking_assistant_for_blind_people_v1\WAFBP\WAFBP.sdk\temp_xsdb_launch_script.tcl
12:09:41 INFO  : XSCT server has started successfully.
12:09:54 INFO  : Successfully done setting XSCT server connection channel  
12:09:54 INFO  : Successfully done setting SDK workspace  
12:09:54 INFO  : Restoring global repository preferences: 
		 F:\digilent\blink
12:09:55 INFO  : Processing command line option -hwspec F:/digilent/WAFBP/Walking_assistant_for_blind_people_v1/WAFBP/WAFBP.sdk/design_1_wrapper.hdf.
12:09:55 INFO  : Checking for hwspec changes in the project design_1_wrapper_hw_platform_0.
12:12:20 INFO  : Launching XSCT server: xsct.bat -interactive F:\digilent\WAFBP\Walking_assistant_for_blind_people_v1\WAFBP\WAFBP.sdk\temp_xsdb_launch_script.tcl
12:12:22 INFO  : XSCT server has started successfully.
12:12:28 INFO  : Successfully done setting XSCT server connection channel  
12:12:28 INFO  : Successfully done setting SDK workspace  
12:12:31 INFO  : Registering command handlers for SDK TCF services
12:12:33 INFO  : Restoring global repository preferences: 
		 F:\digilent\blink
12:12:33 INFO  : Processing command line option -hwspec F:/digilent/WAFBP/Walking_assistant_for_blind_people_v1/WAFBP/WAFBP.sdk/design_1_wrapper.hdf.
12:12:34 INFO  : Checking for hwspec changes in the project design_1_wrapper_hw_platform_0.
12:12:34 INFO  : SDK has detected change in the last modified timestamps for source hardware specification file Source:1554455238403,  Project:1554414971096
12:12:34 INFO  : The hardware specification for project 'design_1_wrapper_hw_platform_0' is different from F:/digilent/WAFBP/Walking_assistant_for_blind_people_v1/WAFBP/WAFBP.sdk/design_1_wrapper.hdf.
12:12:35 INFO  : Copied contents of F:/digilent/WAFBP/Walking_assistant_for_blind_people_v1/WAFBP/WAFBP.sdk/design_1_wrapper.hdf into \design_1_wrapper_hw_platform_0\system.hdf.
12:13:38 INFO  : Synchronizing projects in the workspace with the hardware platform specification changes.
12:13:49 INFO  : 
12:13:50 INFO  : Updating hardware inferred compiler options for WAFBP.
12:13:50 INFO  : Clearing existing target manager status.
12:13:50 INFO  : Closing and re-opening the MSS file of ther project WAFBP_bsp
12:13:51 INFO  : Workspace synchronized with the new hardware specification file. Cleaning dependent projects...
12:13:52 WARN  : Linker script will not be updated automatically. Users need to update it manually.
13:47:25 INFO  : Launching XSCT server: xsct.bat -interactive F:\digilent\WAFBP\Walking_assistant_for_blind_people_v1\WAFBP\WAFBP.sdk\temp_xsdb_launch_script.tcl
13:47:32 INFO  : XSCT server has started successfully.
13:47:59 INFO  : Successfully done setting XSCT server connection channel  
13:47:59 INFO  : Successfully done setting SDK workspace  
13:48:05 INFO  : Registering command handlers for SDK TCF services
13:48:07 INFO  : Restoring global repository preferences: 
		 F:\digilent\blink
13:48:09 INFO  : Processing command line option -hwspec F:/digilent/WAFBP/Walking_assistant_for_blind_people_v1/WAFBP/WAFBP.sdk/design_1_wrapper.hdf.
13:48:09 INFO  : Checking for hwspec changes in the project design_1_wrapper_hw_platform_0.
13:48:09 INFO  : SDK has detected change in the last modified timestamps for source hardware specification file Source:1554460702080,  Project:1554455238403
13:48:09 INFO  : The hardware specification for project 'design_1_wrapper_hw_platform_0' is different from F:/digilent/WAFBP/Walking_assistant_for_blind_people_v1/WAFBP/WAFBP.sdk/design_1_wrapper.hdf.
13:48:10 INFO  : Copied contents of F:/digilent/WAFBP/Walking_assistant_for_blind_people_v1/WAFBP/WAFBP.sdk/design_1_wrapper.hdf into \design_1_wrapper_hw_platform_0\system.hdf.
13:48:16 INFO  : Synchronizing projects in the workspace with the hardware platform specification changes.
13:48:36 INFO  : 
13:48:37 INFO  : Updating hardware inferred compiler options for WAFBP.
13:48:37 INFO  : Clearing existing target manager status.
13:59:45 INFO  : Connected to target on host '127.0.0.1' and port '3121'.
13:59:47 INFO  : 'targets -set -filter {jtag_cable_name =~ "Digilent Zybo Z7 210351A819F4A" && level==0} -index 1' command is executed.
13:59:49 INFO  : FPGA configured successfully with bitstream "F:/digilent/WAFBP/Walking_assistant_for_blind_people_v1/WAFBP/WAFBP.sdk/design_1_wrapper_hw_platform_0/design_1_wrapper.bit"
14:00:01 INFO  : Connected to target on host '127.0.0.1' and port '3121'.
14:00:01 INFO  : 'targets -set -filter {jtag_cable_name =~ "Digilent Zybo Z7 210351A819F4A" && level==0} -index 1' command is executed.
14:00:02 INFO  : FPGA configured successfully with bitstream "F:/digilent/WAFBP/Walking_assistant_for_blind_people_v1/WAFBP/WAFBP.sdk/design_1_wrapper_hw_platform_0/design_1_wrapper.bit"
14:00:36 INFO  : 'targets -set -filter {jtag_cable_name =~ "Digilent Zybo Z7 210351A819F4A" && level==0} -index 1' command is executed.
14:00:36 INFO  : 'fpga -state' command is executed.
14:00:36 INFO  : Connected to target on host '127.0.0.1' and port '3121'.
14:00:36 INFO  : Jtag cable 'Digilent Zybo Z7 210351A819F4A' is selected.
14:00:36 INFO  : 'jtag frequency' command is executed.
14:00:36 INFO  : Sourcing of 'F:/digilent/WAFBP/Walking_assistant_for_blind_people_v1/WAFBP/WAFBP.sdk/design_1_wrapper_hw_platform_0/ps7_init.tcl' is done.
14:00:36 INFO  : Context for 'APU' is selected.
14:00:37 INFO  : Hardware design information is loaded from 'F:/digilent/WAFBP/Walking_assistant_for_blind_people_v1/WAFBP/WAFBP.sdk/design_1_wrapper_hw_platform_0/system.hdf'.
14:00:37 INFO  : 'configparams force-mem-access 1' command is executed.
14:00:37 INFO  : Context for 'APU' is selected.
14:00:37 INFO  : 'stop' command is executed.
14:00:37 INFO  : 'ps7_init' command is executed.
14:00:37 INFO  : 'ps7_post_config' command is executed.
14:00:37 INFO  : Context for processor 'ps7_cortexa9_0' is selected.
14:00:37 INFO  : Processor reset is completed for 'ps7_cortexa9_0'.
14:00:37 INFO  : Context for processor 'ps7_cortexa9_0' is selected.
14:00:37 INFO  : The application 'F:/digilent/WAFBP/Walking_assistant_for_blind_people_v1/WAFBP/WAFBP.sdk/WAFBP_v2/Debug/WAFBP_v2.elf' is downloaded to processor 'ps7_cortexa9_0'.
14:00:37 INFO  : 'configparams force-mem-access 0' command is executed.
14:00:37 INFO  : ----------------XSDB Script----------------
connect -url tcp:127.0.0.1:3121
source F:/digilent/WAFBP/Walking_assistant_for_blind_people_v1/WAFBP/WAFBP.sdk/design_1_wrapper_hw_platform_0/ps7_init.tcl
targets -set -nocase -filter {name =~"APU*" && jtag_cable_name =~ "Digilent Zybo Z7 210351A819F4A"} -index 0
loadhw -hw F:/digilent/WAFBP/Walking_assistant_for_blind_people_v1/WAFBP/WAFBP.sdk/design_1_wrapper_hw_platform_0/system.hdf -mem-ranges [list {0x40000000 0xbfffffff}]
configparams force-mem-access 1
targets -set -nocase -filter {name =~"APU*" && jtag_cable_name =~ "Digilent Zybo Z7 210351A819F4A"} -index 0
stop
ps7_init
ps7_post_config
targets -set -nocase -filter {name =~ "ARM*#0" && jtag_cable_name =~ "Digilent Zybo Z7 210351A819F4A"} -index 0
rst -processor
targets -set -nocase -filter {name =~ "ARM*#0" && jtag_cable_name =~ "Digilent Zybo Z7 210351A819F4A"} -index 0
dow F:/digilent/WAFBP/Walking_assistant_for_blind_people_v1/WAFBP/WAFBP.sdk/WAFBP_v2/Debug/WAFBP_v2.elf
configparams force-mem-access 0
----------------End of Script----------------

14:00:38 INFO  : Memory regions updated for context APU
14:00:38 INFO  : Context for processor 'ps7_cortexa9_0' is selected.
14:00:38 INFO  : 'con' command is executed.
14:00:38 INFO  : ----------------XSDB Script (After Launch)----------------
targets -set -nocase -filter {name =~ "ARM*#0" && jtag_cable_name =~ "Digilent Zybo Z7 210351A819F4A"} -index 0
con
----------------End of Script----------------

14:00:38 INFO  : Launch script is exported to file 'F:\digilent\WAFBP\Walking_assistant_for_blind_people_v1\WAFBP\WAFBP.sdk\.sdk\launch_scripts\xilinx_c-c++_application_(system_debugger)\system_debugger_using_debug_wafbp_v2.elf_on_local.tcl'
14:01:41 INFO  : Disconnected from the channel tcfchan#1.
14:01:42 INFO  : 'targets -set -filter {jtag_cable_name =~ "Digilent Zybo Z7 210351A819F4A" && level==0} -index 1' command is executed.
14:01:42 INFO  : 'fpga -state' command is executed.
14:01:42 INFO  : Connected to target on host '127.0.0.1' and port '3121'.
14:01:42 INFO  : Jtag cable 'Digilent Zybo Z7 210351A819F4A' is selected.
14:01:42 INFO  : 'jtag frequency' command is executed.
14:01:42 INFO  : Sourcing of 'F:/digilent/WAFBP/Walking_assistant_for_blind_people_v1/WAFBP/WAFBP.sdk/design_1_wrapper_hw_platform_0/ps7_init.tcl' is done.
14:01:42 INFO  : Context for 'APU' is selected.
14:01:45 INFO  : Hardware design information is loaded from 'F:/digilent/WAFBP/Walking_assistant_for_blind_people_v1/WAFBP/WAFBP.sdk/design_1_wrapper_hw_platform_0/system.hdf'.
14:01:45 INFO  : 'configparams force-mem-access 1' command is executed.
14:01:45 INFO  : Context for 'APU' is selected.
14:01:45 INFO  : 'stop' command is executed.
14:01:46 INFO  : 'ps7_init' command is executed.
14:01:46 INFO  : 'ps7_post_config' command is executed.
14:01:46 INFO  : Context for processor 'ps7_cortexa9_0' is selected.
14:01:46 INFO  : Processor reset is completed for 'ps7_cortexa9_0'.
14:01:46 INFO  : Context for processor 'ps7_cortexa9_0' is selected.
14:01:46 INFO  : The application 'F:/digilent/WAFBP/Walking_assistant_for_blind_people_v1/WAFBP/WAFBP.sdk/WAFBP_v2/Debug/WAFBP_v2.elf' is downloaded to processor 'ps7_cortexa9_0'.
14:01:46 INFO  : 'configparams force-mem-access 0' command is executed.
14:01:46 INFO  : ----------------XSDB Script----------------
connect -url tcp:127.0.0.1:3121
source F:/digilent/WAFBP/Walking_assistant_for_blind_people_v1/WAFBP/WAFBP.sdk/design_1_wrapper_hw_platform_0/ps7_init.tcl
targets -set -nocase -filter {name =~"APU*" && jtag_cable_name =~ "Digilent Zybo Z7 210351A819F4A"} -index 0
loadhw -hw F:/digilent/WAFBP/Walking_assistant_for_blind_people_v1/WAFBP/WAFBP.sdk/design_1_wrapper_hw_platform_0/system.hdf -mem-ranges [list {0x40000000 0xbfffffff}]
configparams force-mem-access 1
targets -set -nocase -filter {name =~"APU*" && jtag_cable_name =~ "Digilent Zybo Z7 210351A819F4A"} -index 0
stop
ps7_init
ps7_post_config
targets -set -nocase -filter {name =~ "ARM*#0" && jtag_cable_name =~ "Digilent Zybo Z7 210351A819F4A"} -index 0
rst -processor
targets -set -nocase -filter {name =~ "ARM*#0" && jtag_cable_name =~ "Digilent Zybo Z7 210351A819F4A"} -index 0
dow F:/digilent/WAFBP/Walking_assistant_for_blind_people_v1/WAFBP/WAFBP.sdk/WAFBP_v2/Debug/WAFBP_v2.elf
configparams force-mem-access 0
----------------End of Script----------------

14:01:46 INFO  : Memory regions updated for context APU
14:01:46 INFO  : Context for processor 'ps7_cortexa9_0' is selected.
14:01:46 INFO  : 'con' command is executed.
14:01:46 INFO  : ----------------XSDB Script (After Launch)----------------
targets -set -nocase -filter {name =~ "ARM*#0" && jtag_cable_name =~ "Digilent Zybo Z7 210351A819F4A"} -index 0
con
----------------End of Script----------------

14:01:46 INFO  : Launch script is exported to file 'F:\digilent\WAFBP\Walking_assistant_for_blind_people_v1\WAFBP\WAFBP.sdk\.sdk\launch_scripts\xilinx_c-c++_application_(system_debugger)\system_debugger_using_debug_wafbp_v2.elf_on_local.tcl'
14:05:51 INFO  : Disconnected from the channel tcfchan#2.
14:05:52 INFO  : 'targets -set -filter {jtag_cable_name =~ "Digilent Zybo Z7 210351A819F4A" && level==0} -index 1' command is executed.
14:05:52 INFO  : 'fpga -state' command is executed.
14:05:52 INFO  : Connected to target on host '127.0.0.1' and port '3121'.
14:05:52 INFO  : Jtag cable 'Digilent Zybo Z7 210351A819F4A' is selected.
14:05:52 INFO  : 'jtag frequency' command is executed.
14:05:52 INFO  : Sourcing of 'F:/digilent/WAFBP/Walking_assistant_for_blind_people_v1/WAFBP/WAFBP.sdk/design_1_wrapper_hw_platform_0/ps7_init.tcl' is done.
14:05:52 INFO  : Context for 'APU' is selected.
14:05:52 INFO  : Hardware design information is loaded from 'F:/digilent/WAFBP/Walking_assistant_for_blind_people_v1/WAFBP/WAFBP.sdk/design_1_wrapper_hw_platform_0/system.hdf'.
14:05:52 INFO  : 'configparams force-mem-access 1' command is executed.
14:05:52 INFO  : Context for 'APU' is selected.
14:05:52 INFO  : 'stop' command is executed.
14:05:53 INFO  : 'ps7_init' command is executed.
14:05:53 INFO  : 'ps7_post_config' command is executed.
14:05:53 INFO  : Context for processor 'ps7_cortexa9_0' is selected.
14:05:53 INFO  : Processor reset is completed for 'ps7_cortexa9_0'.
14:05:53 INFO  : Context for processor 'ps7_cortexa9_0' is selected.
14:05:53 INFO  : The application 'F:/digilent/WAFBP/Walking_assistant_for_blind_people_v1/WAFBP/WAFBP.sdk/WAFBP_v2/Debug/WAFBP_v2.elf' is downloaded to processor 'ps7_cortexa9_0'.
14:05:53 INFO  : 'configparams force-mem-access 0' command is executed.
14:05:53 INFO  : ----------------XSDB Script----------------
connect -url tcp:127.0.0.1:3121
source F:/digilent/WAFBP/Walking_assistant_for_blind_people_v1/WAFBP/WAFBP.sdk/design_1_wrapper_hw_platform_0/ps7_init.tcl
targets -set -nocase -filter {name =~"APU*" && jtag_cable_name =~ "Digilent Zybo Z7 210351A819F4A"} -index 0
loadhw -hw F:/digilent/WAFBP/Walking_assistant_for_blind_people_v1/WAFBP/WAFBP.sdk/design_1_wrapper_hw_platform_0/system.hdf -mem-ranges [list {0x40000000 0xbfffffff}]
configparams force-mem-access 1
targets -set -nocase -filter {name =~"APU*" && jtag_cable_name =~ "Digilent Zybo Z7 210351A819F4A"} -index 0
stop
ps7_init
ps7_post_config
targets -set -nocase -filter {name =~ "ARM*#0" && jtag_cable_name =~ "Digilent Zybo Z7 210351A819F4A"} -index 0
rst -processor
targets -set -nocase -filter {name =~ "ARM*#0" && jtag_cable_name =~ "Digilent Zybo Z7 210351A819F4A"} -index 0
dow F:/digilent/WAFBP/Walking_assistant_for_blind_people_v1/WAFBP/WAFBP.sdk/WAFBP_v2/Debug/WAFBP_v2.elf
configparams force-mem-access 0
----------------End of Script----------------

14:05:53 INFO  : Memory regions updated for context APU
14:05:54 INFO  : Context for processor 'ps7_cortexa9_0' is selected.
14:05:54 INFO  : 'con' command is executed.
14:05:54 INFO  : ----------------XSDB Script (After Launch)----------------
targets -set -nocase -filter {name =~ "ARM*#0" && jtag_cable_name =~ "Digilent Zybo Z7 210351A819F4A"} -index 0
con
----------------End of Script----------------

14:05:54 INFO  : Launch script is exported to file 'F:\digilent\WAFBP\Walking_assistant_for_blind_people_v1\WAFBP\WAFBP.sdk\.sdk\launch_scripts\xilinx_c-c++_application_(system_debugger)\system_debugger_using_debug_wafbp_v2.elf_on_local.tcl'
14:29:47 INFO  : Disconnected from the channel tcfchan#3.
14:29:48 INFO  : 'targets -set -filter {jtag_cable_name =~ "Digilent Zybo Z7 210351A819F4A" && level==0} -index 1' command is executed.
14:29:49 INFO  : 'fpga -state' command is executed.
14:29:49 INFO  : Connected to target on host '127.0.0.1' and port '3121'.
14:29:49 INFO  : Jtag cable 'Digilent Zybo Z7 210351A819F4A' is selected.
14:29:49 INFO  : 'jtag frequency' command is executed.
14:29:49 INFO  : Sourcing of 'F:/digilent/WAFBP/Walking_assistant_for_blind_people_v1/WAFBP/WAFBP.sdk/design_1_wrapper_hw_platform_0/ps7_init.tcl' is done.
14:29:49 INFO  : Context for 'APU' is selected.
14:29:49 INFO  : Hardware design information is loaded from 'F:/digilent/WAFBP/Walking_assistant_for_blind_people_v1/WAFBP/WAFBP.sdk/design_1_wrapper_hw_platform_0/system.hdf'.
14:29:49 INFO  : 'configparams force-mem-access 1' command is executed.
14:29:49 INFO  : Context for 'APU' is selected.
14:29:49 INFO  : 'stop' command is executed.
14:29:50 INFO  : 'ps7_init' command is executed.
14:29:50 INFO  : 'ps7_post_config' command is executed.
14:29:50 INFO  : Context for processor 'ps7_cortexa9_0' is selected.
14:29:50 INFO  : Processor reset is completed for 'ps7_cortexa9_0'.
14:29:50 INFO  : Context for processor 'ps7_cortexa9_0' is selected.
14:29:50 INFO  : The application 'F:/digilent/WAFBP/Walking_assistant_for_blind_people_v1/WAFBP/WAFBP.sdk/WAFBP_v2/Debug/WAFBP_v2.elf' is downloaded to processor 'ps7_cortexa9_0'.
14:29:50 INFO  : 'configparams force-mem-access 0' command is executed.
14:29:50 INFO  : ----------------XSDB Script----------------
connect -url tcp:127.0.0.1:3121
source F:/digilent/WAFBP/Walking_assistant_for_blind_people_v1/WAFBP/WAFBP.sdk/design_1_wrapper_hw_platform_0/ps7_init.tcl
targets -set -nocase -filter {name =~"APU*" && jtag_cable_name =~ "Digilent Zybo Z7 210351A819F4A"} -index 0
loadhw -hw F:/digilent/WAFBP/Walking_assistant_for_blind_people_v1/WAFBP/WAFBP.sdk/design_1_wrapper_hw_platform_0/system.hdf -mem-ranges [list {0x40000000 0xbfffffff}]
configparams force-mem-access 1
targets -set -nocase -filter {name =~"APU*" && jtag_cable_name =~ "Digilent Zybo Z7 210351A819F4A"} -index 0
stop
ps7_init
ps7_post_config
targets -set -nocase -filter {name =~ "ARM*#0" && jtag_cable_name =~ "Digilent Zybo Z7 210351A819F4A"} -index 0
rst -processor
targets -set -nocase -filter {name =~ "ARM*#0" && jtag_cable_name =~ "Digilent Zybo Z7 210351A819F4A"} -index 0
dow F:/digilent/WAFBP/Walking_assistant_for_blind_people_v1/WAFBP/WAFBP.sdk/WAFBP_v2/Debug/WAFBP_v2.elf
configparams force-mem-access 0
----------------End of Script----------------

14:29:50 INFO  : Memory regions updated for context APU
14:29:50 INFO  : Context for processor 'ps7_cortexa9_0' is selected.
14:29:50 INFO  : 'con' command is executed.
14:29:50 INFO  : ----------------XSDB Script (After Launch)----------------
targets -set -nocase -filter {name =~ "ARM*#0" && jtag_cable_name =~ "Digilent Zybo Z7 210351A819F4A"} -index 0
con
----------------End of Script----------------

14:29:50 INFO  : Launch script is exported to file 'F:\digilent\WAFBP\Walking_assistant_for_blind_people_v1\WAFBP\WAFBP.sdk\.sdk\launch_scripts\xilinx_c-c++_application_(system_debugger)\system_debugger_using_debug_wafbp_v2.elf_on_local.tcl'
14:30:25 INFO  : Disconnected from the channel tcfchan#4.
14:30:26 INFO  : 'targets -set -filter {jtag_cable_name =~ "Digilent Zybo Z7 210351A819F4A" && level==0} -index 1' command is executed.
14:30:26 INFO  : 'fpga -state' command is executed.
14:30:26 INFO  : Connected to target on host '127.0.0.1' and port '3121'.
14:30:27 INFO  : Jtag cable 'Digilent Zybo Z7 210351A819F4A' is selected.
14:30:27 INFO  : 'jtag frequency' command is executed.
14:30:27 INFO  : Sourcing of 'F:/digilent/WAFBP/Walking_assistant_for_blind_people_v1/WAFBP/WAFBP.sdk/design_1_wrapper_hw_platform_0/ps7_init.tcl' is done.
14:30:27 INFO  : Context for 'APU' is selected.
14:30:27 INFO  : Hardware design information is loaded from 'F:/digilent/WAFBP/Walking_assistant_for_blind_people_v1/WAFBP/WAFBP.sdk/design_1_wrapper_hw_platform_0/system.hdf'.
14:30:27 INFO  : 'configparams force-mem-access 1' command is executed.
14:30:27 INFO  : Context for 'APU' is selected.
14:30:27 INFO  : 'stop' command is executed.
14:30:28 INFO  : 'ps7_init' command is executed.
14:30:28 INFO  : 'ps7_post_config' command is executed.
14:30:28 INFO  : Context for processor 'ps7_cortexa9_0' is selected.
14:30:28 INFO  : Processor reset is completed for 'ps7_cortexa9_0'.
14:30:28 INFO  : Context for processor 'ps7_cortexa9_0' is selected.
14:30:28 INFO  : The application 'F:/digilent/WAFBP/Walking_assistant_for_blind_people_v1/WAFBP/WAFBP.sdk/WAFBP_v2/Debug/WAFBP_v2.elf' is downloaded to processor 'ps7_cortexa9_0'.
14:30:28 INFO  : 'configparams force-mem-access 0' command is executed.
14:30:28 INFO  : ----------------XSDB Script----------------
connect -url tcp:127.0.0.1:3121
source F:/digilent/WAFBP/Walking_assistant_for_blind_people_v1/WAFBP/WAFBP.sdk/design_1_wrapper_hw_platform_0/ps7_init.tcl
targets -set -nocase -filter {name =~"APU*" && jtag_cable_name =~ "Digilent Zybo Z7 210351A819F4A"} -index 0
loadhw -hw F:/digilent/WAFBP/Walking_assistant_for_blind_people_v1/WAFBP/WAFBP.sdk/design_1_wrapper_hw_platform_0/system.hdf -mem-ranges [list {0x40000000 0xbfffffff}]
configparams force-mem-access 1
targets -set -nocase -filter {name =~"APU*" && jtag_cable_name =~ "Digilent Zybo Z7 210351A819F4A"} -index 0
stop
ps7_init
ps7_post_config
targets -set -nocase -filter {name =~ "ARM*#0" && jtag_cable_name =~ "Digilent Zybo Z7 210351A819F4A"} -index 0
rst -processor
targets -set -nocase -filter {name =~ "ARM*#0" && jtag_cable_name =~ "Digilent Zybo Z7 210351A819F4A"} -index 0
dow F:/digilent/WAFBP/Walking_assistant_for_blind_people_v1/WAFBP/WAFBP.sdk/WAFBP_v2/Debug/WAFBP_v2.elf
configparams force-mem-access 0
----------------End of Script----------------

14:30:28 INFO  : Memory regions updated for context APU
14:30:28 INFO  : Context for processor 'ps7_cortexa9_0' is selected.
14:30:28 INFO  : 'con' command is executed.
14:30:28 INFO  : ----------------XSDB Script (After Launch)----------------
targets -set -nocase -filter {name =~ "ARM*#0" && jtag_cable_name =~ "Digilent Zybo Z7 210351A819F4A"} -index 0
con
----------------End of Script----------------

14:30:28 INFO  : Launch script is exported to file 'F:\digilent\WAFBP\Walking_assistant_for_blind_people_v1\WAFBP\WAFBP.sdk\.sdk\launch_scripts\xilinx_c-c++_application_(system_debugger)\system_debugger_using_debug_wafbp_v2.elf_on_local.tcl'
14:31:13 INFO  : Disconnected from the channel tcfchan#5.
14:31:14 INFO  : 'targets -set -filter {jtag_cable_name =~ "Digilent Zybo Z7 210351A819F4A" && level==0} -index 1' command is executed.
14:31:14 INFO  : 'fpga -state' command is executed.
14:31:14 INFO  : Connected to target on host '127.0.0.1' and port '3121'.
14:31:15 INFO  : Jtag cable 'Digilent Zybo Z7 210351A819F4A' is selected.
14:31:15 INFO  : 'jtag frequency' command is executed.
14:31:15 INFO  : Sourcing of 'F:/digilent/WAFBP/Walking_assistant_for_blind_people_v1/WAFBP/WAFBP.sdk/design_1_wrapper_hw_platform_0/ps7_init.tcl' is done.
14:31:15 INFO  : Context for 'APU' is selected.
14:31:15 INFO  : Hardware design information is loaded from 'F:/digilent/WAFBP/Walking_assistant_for_blind_people_v1/WAFBP/WAFBP.sdk/design_1_wrapper_hw_platform_0/system.hdf'.
14:31:15 INFO  : 'configparams force-mem-access 1' command is executed.
14:31:15 INFO  : Context for 'APU' is selected.
14:31:15 INFO  : 'stop' command is executed.
14:31:15 INFO  : 'ps7_init' command is executed.
14:31:16 INFO  : 'ps7_post_config' command is executed.
14:31:16 INFO  : Context for processor 'ps7_cortexa9_0' is selected.
14:31:16 INFO  : Processor reset is completed for 'ps7_cortexa9_0'.
14:31:16 INFO  : Context for processor 'ps7_cortexa9_0' is selected.
14:31:16 INFO  : The application 'F:/digilent/WAFBP/Walking_assistant_for_blind_people_v1/WAFBP/WAFBP.sdk/WAFBP_v2/Debug/WAFBP_v2.elf' is downloaded to processor 'ps7_cortexa9_0'.
14:31:16 INFO  : 'configparams force-mem-access 0' command is executed.
14:31:16 INFO  : ----------------XSDB Script----------------
connect -url tcp:127.0.0.1:3121
source F:/digilent/WAFBP/Walking_assistant_for_blind_people_v1/WAFBP/WAFBP.sdk/design_1_wrapper_hw_platform_0/ps7_init.tcl
targets -set -nocase -filter {name =~"APU*" && jtag_cable_name =~ "Digilent Zybo Z7 210351A819F4A"} -index 0
loadhw -hw F:/digilent/WAFBP/Walking_assistant_for_blind_people_v1/WAFBP/WAFBP.sdk/design_1_wrapper_hw_platform_0/system.hdf -mem-ranges [list {0x40000000 0xbfffffff}]
configparams force-mem-access 1
targets -set -nocase -filter {name =~"APU*" && jtag_cable_name =~ "Digilent Zybo Z7 210351A819F4A"} -index 0
stop
ps7_init
ps7_post_config
targets -set -nocase -filter {name =~ "ARM*#0" && jtag_cable_name =~ "Digilent Zybo Z7 210351A819F4A"} -index 0
rst -processor
targets -set -nocase -filter {name =~ "ARM*#0" && jtag_cable_name =~ "Digilent Zybo Z7 210351A819F4A"} -index 0
dow F:/digilent/WAFBP/Walking_assistant_for_blind_people_v1/WAFBP/WAFBP.sdk/WAFBP_v2/Debug/WAFBP_v2.elf
configparams force-mem-access 0
----------------End of Script----------------

14:31:16 INFO  : Memory regions updated for context APU
14:31:16 INFO  : Context for processor 'ps7_cortexa9_0' is selected.
14:31:16 INFO  : 'con' command is executed.
14:31:16 INFO  : ----------------XSDB Script (After Launch)----------------
targets -set -nocase -filter {name =~ "ARM*#0" && jtag_cable_name =~ "Digilent Zybo Z7 210351A819F4A"} -index 0
con
----------------End of Script----------------

14:31:16 INFO  : Launch script is exported to file 'F:\digilent\WAFBP\Walking_assistant_for_blind_people_v1\WAFBP\WAFBP.sdk\.sdk\launch_scripts\xilinx_c-c++_application_(system_debugger)\system_debugger_using_debug_wafbp_v2.elf_on_local.tcl'
14:33:31 INFO  : Disconnected from the channel tcfchan#6.
14:33:33 INFO  : 'targets -set -filter {jtag_cable_name =~ "Digilent Zybo Z7 210351A819F4A" && level==0} -index 1' command is executed.
14:33:33 INFO  : 'fpga -state' command is executed.
14:33:33 INFO  : Connected to target on host '127.0.0.1' and port '3121'.
14:33:33 INFO  : Jtag cable 'Digilent Zybo Z7 210351A819F4A' is selected.
14:33:33 INFO  : 'jtag frequency' command is executed.
14:33:33 INFO  : Sourcing of 'F:/digilent/WAFBP/Walking_assistant_for_blind_people_v1/WAFBP/WAFBP.sdk/design_1_wrapper_hw_platform_0/ps7_init.tcl' is done.
14:33:33 INFO  : Context for 'APU' is selected.
14:33:33 INFO  : Hardware design information is loaded from 'F:/digilent/WAFBP/Walking_assistant_for_blind_people_v1/WAFBP/WAFBP.sdk/design_1_wrapper_hw_platform_0/system.hdf'.
14:33:33 INFO  : 'configparams force-mem-access 1' command is executed.
14:33:33 INFO  : Context for 'APU' is selected.
14:33:33 INFO  : 'stop' command is executed.
14:33:34 INFO  : 'ps7_init' command is executed.
14:33:34 INFO  : 'ps7_post_config' command is executed.
14:33:34 INFO  : Context for processor 'ps7_cortexa9_0' is selected.
14:33:34 INFO  : Processor reset is completed for 'ps7_cortexa9_0'.
14:33:34 INFO  : Context for processor 'ps7_cortexa9_0' is selected.
14:33:34 INFO  : The application 'F:/digilent/WAFBP/Walking_assistant_for_blind_people_v1/WAFBP/WAFBP.sdk/WAFBP_v2/Debug/WAFBP_v2.elf' is downloaded to processor 'ps7_cortexa9_0'.
14:33:34 INFO  : 'configparams force-mem-access 0' command is executed.
14:33:34 INFO  : ----------------XSDB Script----------------
connect -url tcp:127.0.0.1:3121
source F:/digilent/WAFBP/Walking_assistant_for_blind_people_v1/WAFBP/WAFBP.sdk/design_1_wrapper_hw_platform_0/ps7_init.tcl
targets -set -nocase -filter {name =~"APU*" && jtag_cable_name =~ "Digilent Zybo Z7 210351A819F4A"} -index 0
loadhw -hw F:/digilent/WAFBP/Walking_assistant_for_blind_people_v1/WAFBP/WAFBP.sdk/design_1_wrapper_hw_platform_0/system.hdf -mem-ranges [list {0x40000000 0xbfffffff}]
configparams force-mem-access 1
targets -set -nocase -filter {name =~"APU*" && jtag_cable_name =~ "Digilent Zybo Z7 210351A819F4A"} -index 0
stop
ps7_init
ps7_post_config
targets -set -nocase -filter {name =~ "ARM*#0" && jtag_cable_name =~ "Digilent Zybo Z7 210351A819F4A"} -index 0
rst -processor
targets -set -nocase -filter {name =~ "ARM*#0" && jtag_cable_name =~ "Digilent Zybo Z7 210351A819F4A"} -index 0
dow F:/digilent/WAFBP/Walking_assistant_for_blind_people_v1/WAFBP/WAFBP.sdk/WAFBP_v2/Debug/WAFBP_v2.elf
configparams force-mem-access 0
----------------End of Script----------------

14:33:34 INFO  : Memory regions updated for context APU
14:33:34 INFO  : Context for processor 'ps7_cortexa9_0' is selected.
14:33:34 INFO  : 'con' command is executed.
14:33:34 INFO  : ----------------XSDB Script (After Launch)----------------
targets -set -nocase -filter {name =~ "ARM*#0" && jtag_cable_name =~ "Digilent Zybo Z7 210351A819F4A"} -index 0
con
----------------End of Script----------------

14:33:34 INFO  : Launch script is exported to file 'F:\digilent\WAFBP\Walking_assistant_for_blind_people_v1\WAFBP\WAFBP.sdk\.sdk\launch_scripts\xilinx_c-c++_application_(system_debugger)\system_debugger_using_debug_wafbp_v2.elf_on_local.tcl'
