Copyright 1986-2018 Xilinx, Inc. All Rights Reserved.
------------------------------------------------------------------------------------
| Tool Version : Vivado v.2018.3 (win64) Build 2405991 Thu Dec  6 23:38:27 MST 2018
| Date         : Fri Apr  5 13:25:11 2019
| Host         : alexi-PC running 64-bit Service Pack 1  (build 7601)
| Command      : upgrade_ip
| Device       : xc7z010clg400-1
------------------------------------------------------------------------------------

Upgrade Log for IP 'design_1_sonar_0_0'

1. Summary
----------

SUCCESS in the upgrade of design_1_sonar_0_0 (xilinx.com:user:sonar:1.0) from (Rev. 6) to (Rev. 7)






Copyright 1986-2018 Xilinx, Inc. All Rights Reserved.
------------------------------------------------------------------------------------
| Tool Version : Vivado v.2018.3 (win64) Build 2405991 Thu Dec  6 23:38:27 MST 2018
| Date         : Fri Apr  5 11:02:14 2019
| Host         : alexi-PC running 64-bit Service Pack 1  (build 7601)
| Command      : upgrade_ip
| Device       : xc7z010clg400-1
------------------------------------------------------------------------------------

Upgrade Log for IP 'design_1_sonar_0_0'

1. Summary
----------

SUCCESS in the upgrade of design_1_sonar_0_0 (xilinx.com:user:sonar:1.0) from (Rev. 5) to (Rev. 6)

